<?xml version="1.0" encoding="UTF-8"?>
<!-- Generated by org.testng.reporters.JUnitReportReporter -->
<testsuite hostname="OGCS-WP20" failures="0" tests="1" name="hr.ogcs.qa.GoogleJenkins.App" time="17.353" errors="0" timestamp="20 Nov 2019 13:00:47 GMT" skipped="0">
  <testcase classname="hr.ogcs.qa.GoogleJenkins.App" name="openGoogle" time="17.353"/>
</testsuite> <!-- hr.ogcs.qa.GoogleJenkins.App -->
