<?xml version="1.0" encoding="UTF-8"?>
<!-- Generated by org.testng.reporters.JUnitReportReporter -->
<testsuite hostname="OGCS-WP20" failures="0" tests="2" name="testcases.App" time="69.468" errors="0" timestamp="21 Nov 2019 12:09:26 GMT" skipped="0">
  <testcase classname="testcases.App" name="openGoogle" time="31.750"/>
  <testcase classname="testcases.App" name="searchStiff" time="37.718"/>
</testsuite> <!-- testcases.App -->
